<?xml version="1.0" encoding="UTF-8"?>
<testng-results ignored="0" total="1" passed="1" failed="0" skipped="0">
  <reporter-output>
  </reporter-output>
  <suite started-at="2026-02-09T06:16:05 IST" name="Default suite" finished-at="2026-02-09T06:16:17 IST" duration-ms="12213">
    <groups>
    </groups>
    <test started-at="2026-02-09T06:16:05 IST" name="Default test" finished-at="2026-02-09T06:16:17 IST" duration-ms="12213">
      <class name="Package1.Amazon_Browser_Launch">
        <test-method signature="luanchBrowser()[pri:0, instance:Package1.Amazon_Browser_Launch@7d8995e]" started-at="2026-02-09T06:16:05 IST" name="luanchBrowser" finished-at="2026-02-09T06:16:17 IST" duration-ms="12094" status="PASS">
          <reporter-output>
          </reporter-output>
        </test-method> <!-- luanchBrowser -->
      </class> <!-- Package1.Amazon_Browser_Launch -->
    </test> <!-- Default test -->
  </suite> <!-- Default suite -->
</testng-results>
